<?xml version="1.0" encoding="UTF-8"?>
<!-- Generated by org.testng.reporters.JUnitXMLReporter -->
<testsuite hostname="LAPTOP-PKOJ9DQN" ignored="0" name="Weather Test" tests="3" failures="0" timestamp="02 Sep 2020 11:49:09 GMT" time="34.782" errors="0">
  <testcase name="openWeather" time="16.327" classname="com.test.testcases.WeatherRangeTest"/>
  <testcase name="verifyWeatherPage" time="0.081" classname="com.test.testcases.WeatherRangeTest"/>
  <testcase name="locateCity" time="3.098" classname="com.test.testcases.WeatherRangeTest"/>
</testsuite> <!-- Weather Test -->
