<?xml version="1.0" encoding="UTF-8"?>
<testng-results skipped="0" failed="0" ignored="0" total="3" passed="3">
  <reporter-output>
  </reporter-output>
  <suite name="Test Sample" duration-ms="34782" started-at="2020-09-02T11:48:34Z" finished-at="2020-09-02T11:49:09Z">
    <groups>
    </groups>
    <test name="Weather Test" duration-ms="34782" started-at="2020-09-02T11:48:34Z" finished-at="2020-09-02T11:49:09Z">
      <class name="com.test.testcases.WeatherRangeTest">
        <test-method status="PASS" signature="setUp()[pri:0, instance:com.test.testcases.WeatherRangeTest@4c762604]" name="setUp" is-config="true" duration-ms="13612" started-at="2020-09-02T17:18:34Z" finished-at="2020-09-02T17:18:47Z">
          <reporter-output>
          </reporter-output>
        </test-method> <!-- setUp -->
        <test-method status="PASS" signature="openWeather()[pri:1, instance:com.test.testcases.WeatherRangeTest@4c762604]" name="openWeather" duration-ms="16327" started-at="2020-09-02T17:18:48Z" finished-at="2020-09-02T17:19:04Z">
          <reporter-output>
          </reporter-output>
        </test-method> <!-- openWeather -->
        <test-method status="PASS" signature="verifyWeatherPage()[pri:2, instance:com.test.testcases.WeatherRangeTest@4c762604]" name="verifyWeatherPage" duration-ms="81" started-at="2020-09-02T17:19:04Z" finished-at="2020-09-02T17:19:04Z">
          <reporter-output>
          </reporter-output>
        </test-method> <!-- verifyWeatherPage -->
        <test-method status="PASS" signature="locateCity()[pri:3, instance:com.test.testcases.WeatherRangeTest@4c762604]" name="locateCity" duration-ms="3098" started-at="2020-09-02T17:19:04Z" finished-at="2020-09-02T17:19:07Z">
          <reporter-output>
          </reporter-output>
        </test-method> <!-- locateCity -->
        <test-method status="PASS" signature="closeUp()[pri:0, instance:com.test.testcases.WeatherRangeTest@4c762604]" name="closeUp" is-config="true" duration-ms="1152" started-at="2020-09-02T17:19:08Z" finished-at="2020-09-02T17:19:09Z">
          <reporter-output>
          </reporter-output>
        </test-method> <!-- closeUp -->
      </class> <!-- com.test.testcases.WeatherRangeTest -->
    </test> <!-- Weather Test -->
  </suite> <!-- Test Sample -->
</testng-results>
