<?xml version="1.0" encoding="UTF-8"?>
<testng-results skipped="0" failed="0" ignored="0" total="3" passed="3">
  <reporter-output>
  </reporter-output>
  <suite name="Test Sample" duration-ms="33969" started-at="2020-09-02T10:42:24Z" finished-at="2020-09-02T10:42:58Z">
    <groups>
    </groups>
    <test name="Weather Test" duration-ms="33969" started-at="2020-09-02T10:42:24Z" finished-at="2020-09-02T10:42:58Z">
      <class name="com.test.testcases.WeatherRangeTest">
        <test-method status="PASS" signature="setUp()[pri:0, instance:com.test.testcases.WeatherRangeTest@77846d2c]" name="setUp" is-config="true" duration-ms="13394" started-at="2020-09-02T16:12:24Z" finished-at="2020-09-02T16:12:37Z">
          <reporter-output>
          </reporter-output>
        </test-method> <!-- setUp -->
        <test-method status="PASS" signature="openWeather()[pri:1, instance:com.test.testcases.WeatherRangeTest@77846d2c]" name="openWeather" duration-ms="16293" started-at="2020-09-02T16:12:37Z" finished-at="2020-09-02T16:12:53Z">
          <reporter-output>
          </reporter-output>
        </test-method> <!-- openWeather -->
        <test-method status="PASS" signature="verifyWeatherPage()[pri:2, instance:com.test.testcases.WeatherRangeTest@77846d2c]" name="verifyWeatherPage" duration-ms="81" started-at="2020-09-02T16:12:54Z" finished-at="2020-09-02T16:12:54Z">
          <reporter-output>
          </reporter-output>
        </test-method> <!-- verifyWeatherPage -->
        <test-method status="PASS" signature="locateCity()[pri:3, instance:com.test.testcases.WeatherRangeTest@77846d2c]" name="locateCity" duration-ms="2512" started-at="2020-09-02T16:12:54Z" finished-at="2020-09-02T16:12:56Z">
          <reporter-output>
          </reporter-output>
        </test-method> <!-- locateCity -->
        <test-method status="PASS" signature="closeUp()[pri:0, instance:com.test.testcases.WeatherRangeTest@77846d2c]" name="closeUp" is-config="true" duration-ms="1308" started-at="2020-09-02T16:12:56Z" finished-at="2020-09-02T16:12:58Z">
          <reporter-output>
          </reporter-output>
        </test-method> <!-- closeUp -->
      </class> <!-- com.test.testcases.WeatherRangeTest -->
    </test> <!-- Weather Test -->
  </suite> <!-- Test Sample -->
</testng-results>
