<?xml version="1.0" encoding="UTF-8"?>
<!-- Generated by org.testng.reporters.JUnitXMLReporter -->
<testsuite hostname="LAPTOP-PKOJ9DQN" ignored="0" name="Weather Test" tests="3" failures="0" timestamp="02 Sep 2020 10:24:46 GMT" time="34.968" errors="0">
  <testcase name="openWeather" time="15.976" classname="com.test.testcases.WeatherRangeTest"/>
  <testcase name="verifyWeatherPage" time="0.045" classname="com.test.testcases.WeatherRangeTest"/>
  <testcase name="locateCity" time="3.731" classname="com.test.testcases.WeatherRangeTest"/>
</testsuite> <!-- Weather Test -->
