<?xml version="1.0" encoding="UTF-8"?>
<!-- Generated by org.testng.reporters.JUnitXMLReporter -->
<testsuite hostname="LAPTOP-PKOJ9DQN" ignored="0" name="Weather Test" tests="3" failures="1" timestamp="02 Sep 2020 12:28:57 GMT" time="44.611" errors="0">
  <testcase name="openWeather" time="16.697" classname="com.test.testcases.WeatherRangeTest"/>
  <testcase name="verifyWeatherPage" time="0.127" classname="com.test.testcases.WeatherRangeTest"/>
  <testcase name="locateCity" time="8.521" classname="com.test.testcases.WeatherRangeTest">
    <failure type="java.lang.AssertionError" message="Either Humidity or Temp OR both parameters condition is not matched to required range">
      <![CDATA[java.lang.AssertionError: Either Humidity or Temp OR both parameters condition is not matched to required range
	at org.junit.Assert.fail(Assert.java:88)
	at com.test.testcases.WeatherRangeTest.locateCity(WeatherRangeTest.java:133)
... Removed 25 stack frames]]>
    </failure>
  </testcase> <!-- locateCity -->
</testsuite> <!-- Weather Test -->
