<?xml version="1.0" encoding="UTF-8"?>
<testng-results skipped="0" failed="0" ignored="0" total="3" passed="3">
  <reporter-output>
  </reporter-output>
  <suite name="Test Sample" duration-ms="34968" started-at="2020-09-02T10:24:11Z" finished-at="2020-09-02T10:24:46Z">
    <groups>
    </groups>
    <test name="Weather Test" duration-ms="34968" started-at="2020-09-02T10:24:11Z" finished-at="2020-09-02T10:24:46Z">
      <class name="com.test.testcases.WeatherRangeTest">
        <test-method status="PASS" signature="setUp()[pri:0, instance:com.test.testcases.WeatherRangeTest@2d928643]" name="setUp" is-config="true" duration-ms="13884" started-at="2020-09-02T15:54:11Z" finished-at="2020-09-02T15:54:25Z">
          <reporter-output>
          </reporter-output>
        </test-method> <!-- setUp -->
        <test-method status="PASS" signature="openWeather()[pri:1, instance:com.test.testcases.WeatherRangeTest@2d928643]" name="openWeather" duration-ms="15976" started-at="2020-09-02T15:54:25Z" finished-at="2020-09-02T15:54:41Z">
          <reporter-output>
          </reporter-output>
        </test-method> <!-- openWeather -->
        <test-method status="PASS" signature="verifyWeatherPage()[pri:2, instance:com.test.testcases.WeatherRangeTest@2d928643]" name="verifyWeatherPage" duration-ms="45" started-at="2020-09-02T15:54:41Z" finished-at="2020-09-02T15:54:41Z">
          <reporter-output>
          </reporter-output>
        </test-method> <!-- verifyWeatherPage -->
        <test-method status="PASS" signature="locateCity()[pri:3, instance:com.test.testcases.WeatherRangeTest@2d928643]" name="locateCity" duration-ms="3731" started-at="2020-09-02T15:54:41Z" finished-at="2020-09-02T15:54:45Z">
          <reporter-output>
          </reporter-output>
        </test-method> <!-- locateCity -->
        <test-method status="PASS" signature="closeUp()[pri:0, instance:com.test.testcases.WeatherRangeTest@2d928643]" name="closeUp" is-config="true" duration-ms="1302" started-at="2020-09-02T15:54:45Z" finished-at="2020-09-02T15:54:46Z">
          <reporter-output>
          </reporter-output>
        </test-method> <!-- closeUp -->
      </class> <!-- com.test.testcases.WeatherRangeTest -->
    </test> <!-- Weather Test -->
  </suite> <!-- Test Sample -->
</testng-results>
